<?xml version="1.0" encoding="UTF-8"?>
<!-- Generated by org.testng.reporters.JUnitReportReporter -->
<testsuite skipped="0" hostname="Wassila-PC" name="testCases.LoginPageTest" tests="2" failures="0" timestamp="19 Aug 2021 02:37:23 GMT" time="19.522" errors="0">
  <testcase name="loginTest" time="9.866" classname="testCases.LoginPageTest"/>
  <testcase name="loginpageTitleTest" time="9.656" classname="testCases.LoginPageTest"/>
</testsuite> <!-- testCases.LoginPageTest -->
